<?xml version="1.0" encoding="UTF-8"?>
<!-- Generated by org.testng.reporters.JUnitXMLReporter -->
<testsuite ignored="0" hostname="Krishna-PC" failures="0" tests="3" name="Default test" time="0.618" errors="0" timestamp="2023-06-06T20:58:51 CDT">
  <testcase classname="dataDriven.dataProvider" name="testCaseData" time="0.009"/>
  <testcase classname="dataDriven.dataProvider" name="testCaseData" time="0.001"/>
  <testcase classname="dataDriven.dataProvider" name="testCaseData" time="0.0"/>
</testsuite> <!-- Default test -->
