<?xml version="1.0" encoding="UTF-8"?>
<!-- Generated by org.testng.reporters.JUnitXMLReporter -->
<testsuite ignored="0" hostname="Krishna-PC" failures="0" tests="3" name="Default test" time="0.882" errors="0" timestamp="2023-06-01T19:47:15 CDT">
  <testcase classname="dataDriven.dataProvider" name="testCaseData" time="0.008"/>
  <testcase classname="dataDriven.dataProvider" name="testCaseData" time="0.001"/>
  <testcase classname="dataDriven.dataProvider" name="testCaseData" time="0.002"/>
</testsuite> <!-- Default test -->
